This file contains any messages produced by compilers while
running configure, to aid debugging if configure makes a mistake.

It was created by configure, which was
generated by GNU Autoconf 2.68.  Invocation command line was

  $ ./configure 

## --------- ##
## Platform. ##
## --------- ##

hostname = STEVECOOPER9B70
uname -m = x86_64
uname -r = 1.7.28(0.271/5/3)
uname -s = CYGWIN_NT-6.1
uname -v = 2014-02-09 21:06

/usr/bin/uname -p = unknown
/bin/uname -X     = unknown

/bin/arch              = x86_64
/usr/bin/arch -k       = unknown
/usr/convex/getsysinfo = unknown
/usr/bin/hostinfo      = unknown
/bin/machine           = unknown
/usr/bin/oslevel       = unknown
/bin/universe          = unknown

PATH: /usr/local/bin
PATH: /usr/bin
PATH: /cygdrive/c/Program Files (x86)/Microsoft Visual Studio 12.0/Common7/IDE/CommonExtensions/Microsoft/TestWindow
PATH: /cygdrive/c/Program Files (x86)/MSBuild/12.0/bin/amd64
PATH: /cygdrive/c/Program Files (x86)/Microsoft Visual Studio 12.0/VC/BIN/amd64
PATH: /cygdrive/c/Windows/Microsoft.NET/Framework64/v4.0.30319
PATH: /cygdrive/c/Program Files (x86)/Microsoft Visual Studio 12.0/VC/VCPackages
PATH: /cygdrive/c/Program Files (x86)/Microsoft Visual Studio 12.0/Common7/IDE
PATH: /cygdrive/c/Program Files (x86)/Microsoft Visual Studio 12.0/Common7/Tools
PATH: /cygdrive/c/Program Files (x86)/HTML Help Workshop
PATH: /cygdrive/c/Program Files (x86)/Microsoft Visual Studio 12.0/Team Tools/Performance Tools/x64
PATH: /cygdrive/c/Program Files (x86)/Microsoft Visual Studio 12.0/Team Tools/Performance Tools
PATH: /cygdrive/c/Program Files (x86)/Windows Kits/8.1/bin/x64
PATH: /cygdrive/c/Program Files (x86)/Windows Kits/8.1/bin/x86
PATH: /cygdrive/c/Program Files (x86)/Microsoft SDKs/Windows/v8.1A/bin/NETFX 4.5.1 Tools/x64
PATH: /cygdrive/c/Python27/Scripts
PATH: /cygdrive/c/Python27
PATH: /cygdrive/c/Program Files (x86)/Parallels/Parallels Tools/Applications
PATH: /cygdrive/c/Windows/system32
PATH: /cygdrive/c/Windows
PATH: /cygdrive/c/Windows/System32/Wbem
PATH: /cygdrive/c/Windows/System32/WindowsPowerShell/v1.0
PATH: /cygdrive/c/Program Files (x86)/Windows Kits/8.1/Windows Performance Toolkit
PATH: /cygdrive/c/Program Files/Microsoft SQL Server/110/Tools/Binn
PATH: /cygdrive/c/Program Files (x86)/MySQL/MySQL Utilities 1.3.6
PATH: /cygdrive/c/Program Files (x86)/Java/jdk1.7.0_51/bin
PATH: /cygdrive/c/Program Files (x86)/Java/jdk1.7.0_51/jre/bin/server


## ----------- ##
## Core tests. ##
## ----------- ##

configure:2615: checking for a BSD-compatible install
configure:2683: result: /usr/bin/install -c
configure:2694: checking whether build environment is sane
configure:2744: result: yes
configure:2885: checking for a thread-safe mkdir -p
configure:2924: result: /usr/bin/mkdir -p
configure:2937: checking for gawk
configure:2953: found /usr/bin/gawk
configure:2964: result: gawk
configure:2975: checking whether make sets $(MAKE)
configure:3001: result: no
configure:3091: checking build system type
configure:3105: result: x86_64-unknown-cygwin
configure:3125: checking host system type
configure:3138: result: x86_64-unknown-cygwin
configure:3214: checking for gcc
configure:3244: result: no
configure:3307: checking for cc
configure:3354: result: no
configure:3410: checking for cl.exe
configure:3426: found /cygdrive/c/Program Files (x86)/Microsoft Visual Studio 12.0/VC/BIN/amd64/cl.exe
configure:3437: result: cl.exe
configure:3470: checking for C compiler version
configure:3479: cl.exe --version >&5
Microsoft (R) C/C++ Optimizing Compiler Version 18.00.21005.1 for x64
Copyright (C) Microsoft Corporation.  All rights reserved.

cl : Command line warning D9002 : ignoring unknown option '--version'
cl : Command line error D8003 : missing source filename
configure:3490: $? = 2
configure:3479: cl.exe -v >&5
Microsoft (R) C/C++ Optimizing Compiler Version 18.00.21005.1 for x64
Copyright (C) Microsoft Corporation.  All rights reserved.

cl : Command line warning D9002 : ignoring unknown option '-v'
cl : Command line error D8003 : missing source filename
configure:3490: $? = 2
configure:3479: cl.exe -V >&5
Microsoft (R) C/C++ Optimizing Compiler Version 18.00.21005.1 for x64
Copyright (C) Microsoft Corporation.  All rights reserved.

cl : Command line error D8004 : '/V' requires an argument
configure:3490: $? = 2
configure:3479: cl.exe -qversion >&5
Microsoft (R) C/C++ Optimizing Compiler Version 18.00.21005.1 for x64
Copyright (C) Microsoft Corporation.  All rights reserved.

cl : Command line warning D9002 : ignoring unknown option '-qversion'
cl : Command line error D8003 : missing source filename
configure:3490: $? = 2
configure:3510: checking whether the C compiler works
configure:3532: cl.exe    conftest.c  >&5
Microsoft (R) C/C++ Optimizing Compiler Version 18.00.21005.1 for x64
Copyright (C) Microsoft Corporation.  All rights reserved.

conftest.c
Microsoft (R) Incremental Linker Version 12.00.21005.1
Copyright (C) Microsoft Corporation.  All rights reserved.

/out:conftest.exe 
conftest.obj 
configure:3536: $? = 0
configure:3584: result: yes
configure:3587: checking for C compiler default output file name
configure:3589: result: conftest.exe
configure:3595: checking for suffix of executables
configure:3602: cl.exe -o conftest.exe    conftest.c  >&5
Microsoft (R) C/C++ Optimizing Compiler Version 18.00.21005.1 for x64
Copyright (C) Microsoft Corporation.  All rights reserved.

cl : Command line warning D9035 : option 'o' has been deprecated and will be removed in a future release
conftest.c
Microsoft (R) Incremental Linker Version 12.00.21005.1
Copyright (C) Microsoft Corporation.  All rights reserved.

/out:conftest.exe 
/out:conftest.exe 
conftest.obj 
configure:3606: $? = 0
configure:3628: result: .exe
configure:3650: checking whether we are cross compiling
configure:3658: cl.exe -o conftest.exe    conftest.c  >&5
Microsoft (R) C/C++ Optimizing Compiler Version 18.00.21005.1 for x64
Copyright (C) Microsoft Corporation.  All rights reserved.

cl : Command line warning D9035 : option 'o' has been deprecated and will be removed in a future release
conftest.c
Microsoft (R) Incremental Linker Version 12.00.21005.1
Copyright (C) Microsoft Corporation.  All rights reserved.

/out:conftest.exe 
/out:conftest.exe 
conftest.obj 
configure:3662: $? = 0
configure:3669: ./conftest.exe
configure:3673: $? = 0
configure:3688: result: no
configure:3693: checking for suffix of object files
configure:3715: cl.exe -c   conftest.c >&5
Microsoft (R) C/C++ Optimizing Compiler Version 18.00.21005.1 for x64
Copyright (C) Microsoft Corporation.  All rights reserved.

conftest.c
configure:3719: $? = 0
configure:3740: result: obj
configure:3744: checking whether we are using the GNU C compiler
configure:3763: cl.exe -c   conftest.c >&5
conftest.c
conftest.c(17) : error C2065: 'choke' : undeclared identifier
conftest.c(17) : error C2146: syntax error : missing ';' before identifier 'me'
conftest.c(20) : error C2065: 'me' : undeclared identifier
Microsoft (R) C/C++ Optimizing Compiler Version 18.00.21005.1 for x64
Copyright (C) Microsoft Corporation.  All rights reserved.

configure:3763: $? = 2
configure: failed program was:
| /* confdefs.h */
| #define PACKAGE_NAME ""
| #define PACKAGE_TARNAME ""
| #define PACKAGE_VERSION ""
| #define PACKAGE_STRING ""
| #define PACKAGE_BUGREPORT ""
| #define PACKAGE_URL ""
| #define PACKAGE "libevent"
| #define VERSION "2.0.21-stable"
| #define NUMERIC_VERSION 0x02001500
| /* end confdefs.h.  */
| 
| int
| main ()
| {
| #ifndef __GNUC__
|        choke me
| #endif
| 
|   ;
|   return 0;
| }
configure:3772: result: no
configure:3781: checking whether cl.exe accepts -g
configure:3801: cl.exe -c -g  conftest.c >&5
conftest.c
Microsoft (R) C/C++ Optimizing Compiler Version 18.00.21005.1 for x64
Copyright (C) Microsoft Corporation.  All rights reserved.

cl : Command line warning D9002 : ignoring unknown option '-g'
configure:3801: $? = 0
configure: failed program was:
| /* confdefs.h */
| #define PACKAGE_NAME ""
| #define PACKAGE_TARNAME ""
| #define PACKAGE_VERSION ""
| #define PACKAGE_STRING ""
| #define PACKAGE_BUGREPORT ""
| #define PACKAGE_URL ""
| #define PACKAGE "libevent"
| #define VERSION "2.0.21-stable"
| #define NUMERIC_VERSION 0x02001500
| /* end confdefs.h.  */
| 
| int
| main ()
| {
| 
|   ;
|   return 0;
| }
configure:3816: cl.exe -c   conftest.c >&5
conftest.c
Microsoft (R) C/C++ Optimizing Compiler Version 18.00.21005.1 for x64
Copyright (C) Microsoft Corporation.  All rights reserved.

configure:3816: $? = 0
configure: failed program was:
| /* confdefs.h */
| #define PACKAGE_NAME ""
| #define PACKAGE_TARNAME ""
| #define PACKAGE_VERSION ""
| #define PACKAGE_STRING ""
| #define PACKAGE_BUGREPORT ""
| #define PACKAGE_URL ""
| #define PACKAGE "libevent"
| #define VERSION "2.0.21-stable"
| #define NUMERIC_VERSION 0x02001500
| /* end confdefs.h.  */
| 
| int
| main ()
| {
| 
|   ;
|   return 0;
| }
configure:3832: cl.exe -c -g  conftest.c >&5
conftest.c
Microsoft (R) C/C++ Optimizing Compiler Version 18.00.21005.1 for x64
Copyright (C) Microsoft Corporation.  All rights reserved.

cl : Command line warning D9002 : ignoring unknown option '-g'
configure:3832: $? = 0
configure:3842: result: yes
configure:3859: checking for cl.exe option to accept ISO C89
configure:3923: cl.exe  -c -g  conftest.c >&5
conftest.c
conftest.c(58) : warning C4113: 'char *(__cdecl *)()' differs in parameter lists from 'char *(__cdecl *)(char **,int)'
Microsoft (R) C/C++ Optimizing Compiler Version 18.00.21005.1 for x64
Copyright (C) Microsoft Corporation.  All rights reserved.

cl : Command line warning D9002 : ignoring unknown option '-g'
configure:3923: $? = 0
configure:3936: result: none needed
configure:3967: checking for style of include used by make
configure:3995: result: none
configure:4021: checking dependency style of cl.exe
configure:4132: result: none
configure:4148: checking whether cl.exe and cc understand -c and -o together
configure:4179: cl.exe -c conftest.c -o conftest2.obj >&5
Microsoft (R) C/C++ Optimizing Compiler Version 18.00.21005.1 for x64
Copyright (C) Microsoft Corporation.  All rights reserved.

cl : Command line warning D9035 : option 'o' has been deprecated and will be removed in a future release
conftest.c
configure:4183: $? = 0
configure:4251: result: no
configure:4273: checking for a sed that does not truncate output
configure:4337: result: /usr/bin/sed
configure:4343: checking whether ln -s works
configure:4347: result: yes
configure:4362: checking how to run the C preprocessor
configure:4393: /cygdrive/c/Users/scooper/Downloads/libevent-2.0.21-stable/compile cl.exe -E  conftest.c
Microsoft (R) C/C++ Optimizing Compiler Version 18.00.21005.1 for x64
Copyright (C) Microsoft Corporation.  All rights reserved.

conftest.c
configure:4393: $? = 0
configure:4407: /cygdrive/c/Users/scooper/Downloads/libevent-2.0.21-stable/compile cl.exe -E  conftest.c
Microsoft (R) C/C++ Optimizing Compiler Version 18.00.21005.1 for x64
Copyright (C) Microsoft Corporation.  All rights reserved.

conftest.c
conftest.c(13) : fatal error C1083: Cannot open include file: 'ac_nonexistent.h': No such file or directory
configure:4407: $? = 2
configure: failed program was:
| /* confdefs.h */
| #define PACKAGE_NAME ""
| #define PACKAGE_TARNAME ""
| #define PACKAGE_VERSION ""
| #define PACKAGE_STRING ""
| #define PACKAGE_BUGREPORT ""
| #define PACKAGE_URL ""
| #define PACKAGE "libevent"
| #define VERSION "2.0.21-stable"
| #define NUMERIC_VERSION 0x02001500
| #define NO_MINUS_C_MINUS_O 1
| /* end confdefs.h.  */
| #include <ac_nonexistent.h>
configure:4432: result: /cygdrive/c/Users/scooper/Downloads/libevent-2.0.21-stable/compile cl.exe -E
configure:4452: /cygdrive/c/Users/scooper/Downloads/libevent-2.0.21-stable/compile cl.exe -E  conftest.c
Microsoft (R) C/C++ Optimizing Compiler Version 18.00.21005.1 for x64
Copyright (C) Microsoft Corporation.  All rights reserved.

conftest.c
configure:4452: $? = 0
configure:4466: /cygdrive/c/Users/scooper/Downloads/libevent-2.0.21-stable/compile cl.exe -E  conftest.c
Microsoft (R) C/C++ Optimizing Compiler Version 18.00.21005.1 for x64
Copyright (C) Microsoft Corporation.  All rights reserved.

conftest.c
conftest.c(13) : fatal error C1083: Cannot open include file: 'ac_nonexistent.h': No such file or directory
configure:4466: $? = 2
configure: failed program was:
| /* confdefs.h */
| #define PACKAGE_NAME ""
| #define PACKAGE_TARNAME ""
| #define PACKAGE_VERSION ""
| #define PACKAGE_STRING ""
| #define PACKAGE_BUGREPORT ""
| #define PACKAGE_URL ""
| #define PACKAGE "libevent"
| #define VERSION "2.0.21-stable"
| #define NUMERIC_VERSION 0x02001500
| #define NO_MINUS_C_MINUS_O 1
| /* end confdefs.h.  */
| #include <ac_nonexistent.h>
configure:4495: checking for grep that handles long lines and -e
configure:4553: result: /usr/bin/grep
configure:4558: checking for egrep
configure:4620: result: /usr/bin/grep -E
configure:4684: /cygdrive/c/Users/scooper/Downloads/libevent-2.0.21-stable/compile cl.exe -c -g  conftest.c >&5
conftest.c
conftest.c(19) : fatal error C1189: #error : 
Microsoft (R) C/C++ Optimizing Compiler Version 18.00.21005.1 for x64
Copyright (C) Microsoft Corporation.  All rights reserved.

cl : Command line warning D9002 : ignoring unknown option '-g'
configure:4684: $? = 2
configure: failed program was:
| /* confdefs.h */
| #define PACKAGE_NAME ""
| #define PACKAGE_TARNAME ""
| #define PACKAGE_VERSION ""
| #define PACKAGE_STRING ""
| #define PACKAGE_BUGREPORT ""
| #define PACKAGE_URL ""
| #define PACKAGE "libevent"
| #define VERSION "2.0.21-stable"
| #define NUMERIC_VERSION 0x02001500
| #define NO_MINUS_C_MINUS_O 1
| /* end confdefs.h.  */
| 
| int
| main ()
| {
| 
| #if !defined(__GNUC__) || (__GNUC__ < 2) || (__GNUC__ == 2 && __GNUC_MINOR__ < 95)
| #error
| #endif
|   ;
|   return 0;
| }
configure:4812: checking how to print strings
configure:4839: result: printf
configure:4860: checking for a sed that does not truncate output
configure:4924: result: /usr/bin/sed
configure:4942: checking for fgrep
configure:5004: result: /usr/bin/grep -F
configure:5072: checking for non-GNU ld
configure:5109: result: no
configure:5112: error: no acceptable ld found in $PATH

## ---------------- ##
## Cache variables. ##
## ---------------- ##

ac_cv_build=x86_64-unknown-cygwin
ac_cv_c_compiler_gnu=no
ac_cv_env_CC_set=
ac_cv_env_CC_value=
ac_cv_env_CFLAGS_set=
ac_cv_env_CFLAGS_value=
ac_cv_env_CPPFLAGS_set=
ac_cv_env_CPPFLAGS_value=
ac_cv_env_CPP_set=
ac_cv_env_CPP_value=
ac_cv_env_LDFLAGS_set=
ac_cv_env_LDFLAGS_value=
ac_cv_env_LIBS_set=
ac_cv_env_LIBS_value=
ac_cv_env_build_alias_set=
ac_cv_env_build_alias_value=
ac_cv_env_host_alias_set=
ac_cv_env_host_alias_value=
ac_cv_env_target_alias_set=
ac_cv_env_target_alias_value=
ac_cv_exeext=.exe
ac_cv_host=x86_64-unknown-cygwin
ac_cv_objext=obj
ac_cv_path_EGREP='/usr/bin/grep -E'
ac_cv_path_FGREP='/usr/bin/grep -F'
ac_cv_path_GREP=/usr/bin/grep
ac_cv_path_SED=/usr/bin/sed
ac_cv_path_install='/usr/bin/install -c'
ac_cv_path_mkdir=/usr/bin/mkdir
ac_cv_prog_AWK=gawk
ac_cv_prog_CPP='/cygdrive/c/Users/scooper/Downloads/libevent-2.0.21-stable/compile cl.exe -E'
ac_cv_prog_ac_ct_CC=cl.exe
ac_cv_prog_cc_c89=
ac_cv_prog_cc_cl_exe_c_o=no
ac_cv_prog_cc_g=yes
ac_cv_prog_make_make_set=no
am_cv_CC_dependencies_compiler_type=none

## ----------------- ##
## Output variables. ##
## ----------------- ##

ACLOCAL='${SHELL} /cygdrive/c/Users/scooper/Downloads/libevent-2.0.21-stable/missing --run aclocal-1.11'
AMDEPBACKSLASH='\'
AMDEP_FALSE='#'
AMDEP_TRUE=''
AMTAR='$${TAR-tar}'
AR=''
AUTOCONF='${SHELL} /cygdrive/c/Users/scooper/Downloads/libevent-2.0.21-stable/missing --run autoconf'
AUTOHEADER='${SHELL} /cygdrive/c/Users/scooper/Downloads/libevent-2.0.21-stable/missing --run autoheader'
AUTOMAKE='${SHELL} /cygdrive/c/Users/scooper/Downloads/libevent-2.0.21-stable/missing --run automake-1.11'
AWK='gawk'
BUILD_CYGWIN_FALSE=''
BUILD_CYGWIN_TRUE=''
BUILD_REGRESS_FALSE=''
BUILD_REGRESS_TRUE=''
BUILD_WIN32_FALSE=''
BUILD_WIN32_TRUE=''
BUILD_WITH_NO_UNDEFINED_FALSE=''
BUILD_WITH_NO_UNDEFINED_TRUE=''
CC='/cygdrive/c/Users/scooper/Downloads/libevent-2.0.21-stable/compile cl.exe'
CCDEPMODE='depmode=none'
CFLAGS='-g'
CPP='/cygdrive/c/Users/scooper/Downloads/libevent-2.0.21-stable/compile cl.exe -E'
CPPFLAGS=''
CYGPATH_W='cygpath -w'
DEFS=''
DEPDIR='.deps'
DEVPOLL_BACKEND_FALSE=''
DEVPOLL_BACKEND_TRUE=''
DLLTOOL=''
DSYMUTIL=''
DUMPBIN=''
ECHO_C=''
ECHO_N='-n'
ECHO_T=''
EGREP='/usr/bin/grep -E'
EPOLL_BACKEND_FALSE=''
EPOLL_BACKEND_TRUE=''
EVPORT_BACKEND_FALSE=''
EVPORT_BACKEND_TRUE=''
EV_LIB_GDI=''
EV_LIB_WS32=''
EXEEXT='.exe'
FGREP='/usr/bin/grep -F'
GREP='/usr/bin/grep'
INSTALL_DATA='${INSTALL} -m 644'
INSTALL_LIBEVENT_FALSE=''
INSTALL_LIBEVENT_TRUE=''
INSTALL_PROGRAM='${INSTALL}'
INSTALL_SCRIPT='${INSTALL}'
INSTALL_STRIP_PROGRAM='$(install_sh) -c -s'
KQUEUE_BACKEND_FALSE=''
KQUEUE_BACKEND_TRUE=''
LD=''
LDFLAGS=''
LIBEVENT_GC_SECTIONS=''
LIBOBJS=''
LIBS=''
LIBTOOL=''
LIBTOOL_DEPS=''
LIPO=''
LN_S='ln -s'
LTLIBOBJS=''
MAKEINFO='${SHELL} /cygdrive/c/Users/scooper/Downloads/libevent-2.0.21-stable/missing --run makeinfo'
MANIFEST_TOOL=''
MKDIR_P='/usr/bin/mkdir -p'
NM=''
NMEDIT=''
OBJDUMP=''
OBJEXT='obj'
OPENSSL_FALSE=''
OPENSSL_LIBADD=''
OPENSSL_LIBS=''
OPENSSL_TRUE=''
OTOOL64=''
OTOOL=''
PACKAGE='libevent'
PACKAGE_BUGREPORT=''
PACKAGE_NAME=''
PACKAGE_STRING=''
PACKAGE_TARNAME=''
PACKAGE_URL=''
PACKAGE_VERSION=''
PATH_SEPARATOR=':'
POLL_BACKEND_FALSE=''
POLL_BACKEND_TRUE=''
PTHREADS_FALSE=''
PTHREADS_TRUE=''
PTHREAD_CC=''
PTHREAD_CFLAGS=''
PTHREAD_LIBS=''
RANLIB=''
SED='/usr/bin/sed'
SELECT_BACKEND_FALSE=''
SELECT_BACKEND_TRUE=''
SET_MAKE='MAKE=make'
SHELL='/bin/sh'
SIGNAL_SUPPORT_FALSE=''
SIGNAL_SUPPORT_TRUE=''
STRIP=''
VERSION='2.0.21-stable'
ZLIB_LIBS=''
ZLIB_REGRESS_FALSE=''
ZLIB_REGRESS_TRUE=''
ac_ct_AR=''
ac_ct_CC='cl.exe'
ac_ct_DUMPBIN=''
acx_pthread_config=''
am__EXEEXT_FALSE=''
am__EXEEXT_TRUE=''
am__fastdepCC_FALSE=''
am__fastdepCC_TRUE='#'
am__include='#'
am__isrc=''
am__leading_dot='.'
am__nodep='_no'
am__quote=''
am__tar='$${TAR-tar} chof - "$$tardir"'
am__untar='$${TAR-tar} xf -'
bindir='${exec_prefix}/bin'
build='x86_64-unknown-cygwin'
build_alias=''
build_cpu='x86_64'
build_os='cygwin'
build_vendor='unknown'
datadir='${datarootdir}'
datarootdir='${prefix}/share'
docdir='${datarootdir}/doc/${PACKAGE}'
dvidir='${docdir}'
exec_prefix='NONE'
host='x86_64-unknown-cygwin'
host_alias=''
host_cpu='x86_64'
host_os='cygwin'
host_vendor='unknown'
htmldir='${docdir}'
includedir='${prefix}/include'
infodir='${datarootdir}/info'
install_sh='${SHELL} /cygdrive/c/Users/scooper/Downloads/libevent-2.0.21-stable/install-sh'
libdir='${exec_prefix}/lib'
libexecdir='${exec_prefix}/libexec'
localedir='${datarootdir}/locale'
localstatedir='${prefix}/var'
mandir='${datarootdir}/man'
mkdir_p='/usr/bin/mkdir -p'
oldincludedir='/usr/include'
pdfdir='${docdir}'
prefix='/usr/local'
program_transform_name='s,x,x,'
psdir='${docdir}'
sbindir='${exec_prefix}/sbin'
sharedstatedir='${prefix}/com'
sysconfdir='${prefix}/etc'
target_alias=''

## ----------- ##
## confdefs.h. ##
## ----------- ##

/* confdefs.h */
#define PACKAGE_NAME ""
#define PACKAGE_TARNAME ""
#define PACKAGE_VERSION ""
#define PACKAGE_STRING ""
#define PACKAGE_BUGREPORT ""
#define PACKAGE_URL ""
#define PACKAGE "libevent"
#define VERSION "2.0.21-stable"
#define NUMERIC_VERSION 0x02001500
#define NO_MINUS_C_MINUS_O 1

configure: exit 1
